2015-08-02 22:04:35,747 INFO  [Info] #################################################################################### 
2015-08-02 22:04:35,747 INFO  [Info] 						Status 
2015-08-02 22:04:52,123 INFO  [Info] ---------------------------------------------------------------------------------- 
2015-08-02 22:05:03,616 INFO  [Info] testLogin				PASSED 
2015-08-02 22:05:28,319 INFO  [Info] ---------------------------------------------------------------------------------- 
2015-08-02 22:06:25,962 INFO  [Info] testDeleteDevice				PASSED 
2015-08-02 22:06:54,994 INFO  [Info] ---------------------------------------------------------------------------------- 
2015-08-02 22:08:41,794 INFO  [Info] Pin Code Passed 
2015-08-02 22:10:13,907 INFO  [Info] testAddDevice				PASSED 
2015-08-02 22:10:41,140 INFO  [Info] ---------------------------------------------------------------------------------- 
2015-08-02 22:11:50,622 INFO  [Info] Bypass				Passed 
2015-08-02 22:12:06,863 INFO  [Info] Arm/Disarm				PASSED 
2015-08-02 22:12:22,094 INFO  [Info] Arm/Disarm				PASSED 
2015-08-02 22:12:28,759 INFO  [Info] Control ON/OFF				PASSED 
2015-08-02 22:15:03,226 INFO  [Info] testControl				FAILED 
2015-08-02 22:15:28,168 INFO  [Info] ---------------------------------------------------------------------------------- 
2015-08-02 22:15:39,279 INFO  [Info] testLogout				PASSED 
2015-08-02 22:18:34,125 INFO  [Info] #################################################################################### 
2015-08-02 22:18:34,125 INFO  [Info] 						Status 
2015-08-02 22:19:01,995 INFO  [Info] ---------------------------------------------------------------------------------- 
2015-08-02 22:19:15,544 INFO  [Info] testLogin				PASSED 
2015-08-02 22:19:29,460 INFO  [Info] ---------------------------------------------------------------------------------- 
2015-08-02 22:19:50,317 INFO  [Info] testDeleteDevice				PASSED 
2015-08-02 22:20:15,942 INFO  [Info] ---------------------------------------------------------------------------------- 
2015-08-02 22:21:41,209 INFO  [Info] Pin Code Passed 
2015-08-02 22:23:15,876 INFO  [Info] testAddDevice				PASSED 
2015-08-02 22:23:43,201 INFO  [Info] ---------------------------------------------------------------------------------- 
2015-08-02 22:24:32,643 INFO  [Info] Bypass				Passed 
2015-08-02 22:24:48,796 INFO  [Info] Arm/Disarm				PASSED 
2015-08-02 22:25:07,084 INFO  [Info] Arm/Disarm				PASSED 
2015-08-02 22:25:13,669 INFO  [Info] Control ON/OFF				PASSED 
2015-08-02 22:25:18,746 INFO  [Info] Control ON/OFF				PASSED 
2015-08-02 22:25:18,747 INFO  [Info] testControl				PASSED 
2015-08-02 22:25:46,051 INFO  [Info] ---------------------------------------------------------------------------------- 
2015-08-02 22:26:27,645 INFO  [Info] testLogout				PASSED 
